# JRE version: OpenJDK Runtime Environment (11.0.27+6) (build 11.0.27+6-post-Ubuntu-0ubuntu122.04)
# Java VM: OpenJDK 64-Bit Server VM (11.0.27+6-post-Ubuntu-0ubuntu122.04, mixed mode, sharing, tiered, compressed oops, g1 gc, linux-amd64)
Heap:
 garbage-first heap   total 27648K, used 6078K [0x00000000c0000000, 0x0000000100000000)
  region size 1024K, 1 young (1024K), 0 survivors (0K)
 Metaspace       used 2872K, capacity 5076K, committed 5248K, reserved 1056768K
  class space    used 263K, capacity 518K, committed 640K, reserved 1048576K
GC Heap History (20 events):
Event: 0.660 GC heap before
{Heap before GC invocations=5 (full 1):
 garbage-first heap   total 27648K, used 8008K [0x00000000c0000000, 0x0000000100000000)
  region size 1024K, 6 young (6144K), 2 survivors (2048K)
 Metaspace       used 2857K, capacity 5076K, committed 5248K, reserved 1056768K
  class space    used 260K, capacity 518K, committed 640K, reserved 1048576K
}
Event: 0.677 GC heap after
{Heap after GC invocations=6 (full 2):
 garbage-first heap   total 27648K, used 6077K [0x00000000c0000000, 0x0000000100000000)
  region size 1024K, 0 young (0K), 0 survivors (0K)
 Metaspace       used 2857K, capacity 5076K, committed 5248K, reserved 1056768K
  class space    used 260K, capacity 518K, committed 640K, reserved 1048576K
}
Event: 2.508 GC heap before
{Heap before GC invocations=6 (full 2):
 garbage-first heap   total 27648K, used 6077K [0x00000000c0000000, 0x0000000100000000)
  region size 1024K, 1 young (1024K), 0 survivors (0K)
 Metaspace       used 2857K, capacity 5076K, committed 5248K, reserved 1056768K
  class space    used 260K, capacity 518K, committed 640K, reserved 1048576K
}
Event: 2.524 GC heap after
{Heap after GC invocations=7 (full 3):
 garbage-first heap   total 27648K, used 6078K [0x00000000c0000000, 0x0000000100000000)
  region size 1024K, 0 young (0K), 0 survivors (0K)
 Metaspace       used 2857K, capacity 5076K, committed 5248K, reserved 1056768K
  class space    used 260K, capacity 518K, committed 640K, reserved 1048576K
}
Event: 3.056 GC heap before
{Heap before GC invocations=7 (full 3):
 garbage-first heap   total 27648K, used 6078K [0x00000000c0000000, 0x0000000100000000)
  region size 1024K, 1 young (1024K), 0 survivors (0K)
 Metaspace       used 2857K, capacity 5076K, committed 5248K, reserved 1056768K
  class space    used 260K, capacity 518K, committed 640K, reserved 1048576K
}
Event: 3.071 GC heap after
{Heap after GC invocations=8 (full 4):
 garbage-first heap   total 27648K, used 6078K [0x00000000c0000000, 0x0000000100000000)
  region size 1024K, 0 young (0K), 0 survivors (0K)
 Metaspace       used 2857K, capacity 5076K, committed 5248K, reserved 1056768K
  class space    used 260K, capacity 518K, committed 640K, reserved 1048576K
}
Event: 3.682 GC heap before
{Heap before GC invocations=8 (full 4):
 garbage-first heap   total 27648K, used 6078K [0x00000000c0000000, 0x0000000100000000)
  region size 1024K, 1 young (1024K), 0 survivors (0K)
 Metaspace       used 2857K, capacity 5076K, committed 5248K, reserved 1056768K
  class space    used 260K, capacity 518K, committed 640K, reserved 1048576K
}
Event: 3.693 GC heap after
{Heap after GC invocations=9 (full 5):
 garbage-first heap   total 27648K, used 6078K [0x00000000c0000000, 0x0000000100000000)
  region size 1024K, 0 young (0K), 0 survivors (0K)
 Metaspace       used 2857K, capacity 5076K, committed 5248K, reserved 1056768K
  class space    used 260K, capacity 518K, committed 640K, reserved 1048576K
}
Event: 4.376 GC heap before
{Heap before GC invocations=9 (full 5):
 garbage-first heap   total 27648K, used 6078K [0x00000000c0000000, 0x0000000100000000)
  region size 1024K, 1 young (1024K), 0 survivors (0K)
 Metaspace       used 2857K, capacity 5076K, committed 5248K, reserved 1056768K
  class space    used 260K, capacity 518K, committed 640K, reserved 1048576K
}
Event: 4.389 GC heap after
{Heap after GC invocations=10 (full 6):
 garbage-first heap   total 27648K, used 6078K [0x00000000c0000000, 0x0000000100000000)
  region size 1024K, 0 young (0K), 0 survivors (0K)
 Metaspace       used 2857K, capacity 5076K, committed 5248K, reserved 1056768K
  class space    used 260K, capacity 518K, committed 640K, reserved 1048576K
}
Event: 5.483 GC heap before
{Heap before GC invocations=10 (full 6):
 garbage-first heap   total 27648K, used 6078K [0x00000000c0000000, 0x0000000100000000)
  region size 1024K, 1 young (1024K), 0 survivors (0K)
 Metaspace       used 2857K, capacity 5076K, committed 5248K, reserved 1056768K
  class space    used 260K, capacity 518K, committed 640K, reserved 1048576K
}
Event: 5.496 GC heap after
{Heap after GC invocations=11 (full 7):
 garbage-first heap   total 27648K, used 6078K [0x00000000c0000000, 0x0000000100000000)
  region size 1024K, 0 young (0K), 0 survivors (0K)
 Metaspace       used 2857K, capacity 5076K, committed 5248K, reserved 1056768K
  class space    used 260K, capacity 518K, committed 640K, reserved 1048576K
}
Event: 6.515 GC heap before
{Heap before GC invocations=11 (full 7):
 garbage-first heap   total 27648K, used 6078K [0x00000000c0000000, 0x0000000100000000)
  region size 1024K, 1 young (1024K), 0 survivors (0K)
 Metaspace       used 2857K, capacity 5076K, committed 5248K, reserved 1056768K
  class space    used 260K, capacity 518K, committed 640K, reserved 1048576K
}
Event: 6.529 GC heap after
{Heap after GC invocations=12 (full 8):
 garbage-first heap   total 27648K, used 6078K [0x00000000c0000000, 0x0000000100000000)
  region size 1024K, 0 young (0K), 0 survivors (0K)
 Metaspace       used 2857K, capacity 5076K, committed 5248K, reserved 1056768K
  class space    used 260K, capacity 518K, committed 640K, reserved 1048576K
}
Event: 7.728 GC heap before
{Heap before GC invocations=12 (full 8):
 garbage-first heap   total 27648K, used 6078K [0x00000000c0000000, 0x0000000100000000)
  region size 1024K, 1 young (1024K), 0 survivors (0K)
 Metaspace       used 2857K, capacity 5076K, committed 5248K, reserved 1056768K
  class space    used 260K, capacity 518K, committed 640K, reserved 1048576K
}
Event: 7.743 GC heap after
{Heap after GC invocations=13 (full 9):
 garbage-first heap   total 27648K, used 6078K [0x00000000c0000000, 0x0000000100000000)
  region size 1024K, 0 young (0K), 0 survivors (0K)
 Metaspace       used 2857K, capacity 5076K, committed 5248K, reserved 1056768K
  class space    used 260K, capacity 518K, committed 640K, reserved 1048576K
}
Event: 9.266 GC heap before
{Heap before GC invocations=13 (full 9):
 garbage-first heap   total 27648K, used 6078K [0x00000000c0000000, 0x0000000100000000)
  region size 1024K, 1 young (1024K), 0 survivors (0K)
 Metaspace       used 2857K, capacity 5076K, committed 5248K, reserved 1056768K
  class space    used 260K, capacity 518K, committed 640K, reserved 1048576K
}
Event: 9.281 GC heap after
{Heap after GC invocations=14 (full 10):
 garbage-first heap   total 27648K, used 6078K [0x00000000c0000000, 0x0000000100000000)
  region size 1024K, 0 young (0K), 0 survivors (0K)
 Metaspace       used 2857K, capacity 5076K, committed 5248K, reserved 1056768K
  class space    used 260K, capacity 518K, committed 640K, reserved 1048576K
}
Event: 11.192 GC heap before
{Heap before GC invocations=14 (full 10):
 garbage-first heap   total 27648K, used 6078K [0x00000000c0000000, 0x0000000100000000)
  region size 1024K, 1 young (1024K), 0 survivors (0K)
 Metaspace       used 2857K, capacity 5076K, committed 5248K, reserved 1056768K
  class space    used 260K, capacity 518K, committed 640K, reserved 1048576K
}
Event: 11.204 GC heap after
{Heap after GC invocations=15 (full 11):
 garbage-first heap   total 27648K, used 6078K [0x00000000c0000000, 0x0000000100000000)
  region size 1024K, 0 young (0K), 0 survivors (0K)
 Metaspace       used 2857K, capacity 5076K, committed 5248K, reserved 1056768K
  class space    used 260K, capacity 518K, committed 640K, reserved 1048576K
}

